{"/home/kumshanu/hu/project phase/hu-22-spark-product-track-hirewatch-backend/config/database.js": {"path":"/home/kumshanu/hu/project phase/hu-22-spark-product-track-hirewatch-backend/config/database.js","statementMap":{"0":{"start":{"line":1,"column":0},"end":{"line":1,"column":27}},"1":{"start":{"line":2,"column":18},"end":{"line":2,"column":38}},"2":{"start":{"line":3,"column":20},"end":{"line":3,"column":43}},"3":{"start":{"line":4,"column":24},"end":{"line":4,"column":51}},"4":{"start":{"line":5,"column":16},"end":{"line":5,"column":35}},"5":{"start":{"line":6,"column":26},"end":{"line":6,"column":55}},"6":{"start":{"line":7,"column":16},"end":{"line":7,"column":35}},"7":{"start":{"line":8,"column":21},"end":{"line":8,"column":126}},"8":{"start":{"line":10,"column":0},"end":{"line":10,"column":45}}},"fnMap":{},"branchMap":{},"s":{"0":9,"1":9,"2":9,"3":9,"4":9,"5":9,"6":9,"7":9,"8":9},"f":{},"b":{},"_coverageSchema":"1a1c01bbd47fc00a2c39e90264f33305004495a9","hash":"22f1df8f2ab52d4fb3203edb22218fdfc4b19155"}
,"/home/kumshanu/hu/project phase/hu-22-spark-product-track-hirewatch-backend/src/controllers/applicationController.js": {"path":"/home/kumshanu/hu/project phase/hu-22-spark-product-track-hirewatch-backend/src/controllers/applicationController.js","statementMap":{"0":{"start":{"line":1,"column":16},"end":{"line":1,"column":34}},"1":{"start":{"line":2,"column":15},"end":{"line":2,"column":35}},"2":{"start":{"line":3,"column":11},"end":{"line":3,"column":43}},"3":{"start":{"line":4,"column":18},"end":{"line":4,"column":38}},"4":{"start":{"line":14,"column":4},"end":{"line":14,"column":31}},"5":{"start":{"line":27,"column":0},"end":{"line":56,"column":2}},"6":{"start":{"line":28,"column":2},"end":{"line":55,"column":3}},"7":{"start":{"line":38,"column":8},"end":{"line":38,"column":16}},"8":{"start":{"line":40,"column":24},"end":{"line":49,"column":6}},"9":{"start":{"line":51,"column":4},"end":{"line":51,"column":45}},"10":{"start":{"line":53,"column":4},"end":{"line":53,"column":69}},"11":{"start":{"line":54,"column":4},"end":{"line":54,"column":77}},"12":{"start":{"line":61,"column":0},"end":{"line":71,"column":2}},"13":{"start":{"line":62,"column":2},"end":{"line":70,"column":3}},"14":{"start":{"line":63,"column":25},"end":{"line":63,"column":52}},"15":{"start":{"line":64,"column":4},"end":{"line":64,"column":46}},"16":{"start":{"line":66,"column":4},"end":{"line":66,"column":69}},"17":{"start":{"line":67,"column":4},"end":{"line":69,"column":61}},"18":{"start":{"line":76,"column":0},"end":{"line":110,"column":2}},"19":{"start":{"line":77,"column":2},"end":{"line":109,"column":3}},"20":{"start":{"line":78,"column":19},"end":{"line":78,"column":29}},"21":{"start":{"line":80,"column":18},"end":{"line":96,"column":5}},"22":{"start":{"line":98,"column":24},"end":{"line":103,"column":6}},"23":{"start":{"line":105,"column":4},"end":{"line":105,"column":45}},"24":{"start":{"line":107,"column":4},"end":{"line":107,"column":70}},"25":{"start":{"line":108,"column":4},"end":{"line":108,"column":76}},"26":{"start":{"line":115,"column":0},"end":{"line":128,"column":2}},"27":{"start":{"line":116,"column":2},"end":{"line":127,"column":3}},"28":{"start":{"line":117,"column":19},"end":{"line":117,"column":29}},"29":{"start":{"line":119,"column":37},"end":{"line":121,"column":6}},"30":{"start":{"line":123,"column":4},"end":{"line":123,"column":34}},"31":{"start":{"line":125,"column":4},"end":{"line":125,"column":73}},"32":{"start":{"line":126,"column":4},"end":{"line":126,"column":77}},"33":{"start":{"line":130,"column":0},"end":{"line":197,"column":2}},"34":{"start":{"line":131,"column":66},"end":{"line":131,"column":74}},"35":{"start":{"line":132,"column":2},"end":{"line":132,"column":24}},"36":{"start":{"line":133,"column":2},"end":{"line":133,"column":41}},"37":{"start":{"line":133,"column":27},"end":{"line":133,"column":41}},"38":{"start":{"line":134,"column":2},"end":{"line":134,"column":50}},"39":{"start":{"line":134,"column":33},"end":{"line":134,"column":50}},"40":{"start":{"line":135,"column":2},"end":{"line":135,"column":74}},"41":{"start":{"line":135,"column":42},"end":{"line":135,"column":74}},"42":{"start":{"line":136,"column":2},"end":{"line":136,"column":45}},"43":{"start":{"line":136,"column":29},"end":{"line":136,"column":45}},"44":{"start":{"line":137,"column":2},"end":{"line":196,"column":3}},"45":{"start":{"line":138,"column":18},"end":{"line":190,"column":21}},"46":{"start":{"line":191,"column":22},"end":{"line":191,"column":43}},"47":{"start":{"line":192,"column":4},"end":{"line":192,"column":22}},"48":{"start":{"line":194,"column":4},"end":{"line":194,"column":25}},"49":{"start":{"line":195,"column":4},"end":{"line":195,"column":79}},"50":{"start":{"line":202,"column":0},"end":{"line":210,"column":2}},"51":{"start":{"line":203,"column":2},"end":{"line":209,"column":3}},"52":{"start":{"line":204,"column":38},"end":{"line":204,"column":78}},"53":{"start":{"line":205,"column":4},"end":{"line":205,"column":34}},"54":{"start":{"line":207,"column":4},"end":{"line":207,"column":69}},"55":{"start":{"line":208,"column":4},"end":{"line":208,"column":77}},"56":{"start":{"line":222,"column":0},"end":{"line":270,"column":2}},"57":{"start":{"line":223,"column":2},"end":{"line":269,"column":3}},"58":{"start":{"line":232,"column":8},"end":{"line":232,"column":16}},"59":{"start":{"line":239,"column":30},"end":{"line":253,"column":5}},"60":{"start":{"line":255,"column":4},"end":{"line":255,"column":35}},"61":{"start":{"line":257,"column":4},"end":{"line":259,"column":5}},"62":{"start":{"line":258,"column":6},"end":{"line":258,"column":72}},"63":{"start":{"line":261,"column":4},"end":{"line":263,"column":61}},"64":{"start":{"line":265,"column":4},"end":{"line":265,"column":70}},"65":{"start":{"line":266,"column":4},"end":{"line":268,"column":62}}},"fnMap":{"0":{"name":"(anonymous_0)","decl":{"start":{"line":27,"column":28},"end":{"line":27,"column":29}},"loc":{"start":{"line":27,"column":54},"end":{"line":56,"column":1}},"line":27},"1":{"name":"(anonymous_1)","decl":{"start":{"line":61,"column":29},"end":{"line":61,"column":30}},"loc":{"start":{"line":61,"column":55},"end":{"line":71,"column":1}},"line":61},"2":{"name":"(anonymous_2)","decl":{"start":{"line":76,"column":29},"end":{"line":76,"column":30}},"loc":{"start":{"line":76,"column":55},"end":{"line":110,"column":1}},"line":76},"3":{"name":"(anonymous_3)","decl":{"start":{"line":115,"column":32},"end":{"line":115,"column":33}},"loc":{"start":{"line":115,"column":58},"end":{"line":128,"column":1}},"line":115},"4":{"name":"(anonymous_4)","decl":{"start":{"line":130,"column":29},"end":{"line":130,"column":30}},"loc":{"start":{"line":130,"column":55},"end":{"line":197,"column":1}},"line":130},"5":{"name":"(anonymous_5)","decl":{"start":{"line":202,"column":31},"end":{"line":202,"column":32}},"loc":{"start":{"line":202,"column":57},"end":{"line":210,"column":1}},"line":202},"6":{"name":"(anonymous_6)","decl":{"start":{"line":222,"column":28},"end":{"line":222,"column":29}},"loc":{"start":{"line":222,"column":54},"end":{"line":270,"column":1}},"line":222}},"branchMap":{"0":{"loc":{"start":{"line":133,"column":2},"end":{"line":133,"column":41}},"type":"if","locations":[{"start":{"line":133,"column":2},"end":{"line":133,"column":41}},{"start":{},"end":{}}],"line":133},"1":{"loc":{"start":{"line":134,"column":2},"end":{"line":134,"column":50}},"type":"if","locations":[{"start":{"line":134,"column":2},"end":{"line":134,"column":50}},{"start":{},"end":{}}],"line":134},"2":{"loc":{"start":{"line":135,"column":2},"end":{"line":135,"column":74}},"type":"if","locations":[{"start":{"line":135,"column":2},"end":{"line":135,"column":74}},{"start":{},"end":{}}],"line":135},"3":{"loc":{"start":{"line":136,"column":2},"end":{"line":136,"column":45}},"type":"if","locations":[{"start":{"line":136,"column":2},"end":{"line":136,"column":45}},{"start":{},"end":{}}],"line":136},"4":{"loc":{"start":{"line":257,"column":4},"end":{"line":259,"column":5}},"type":"if","locations":[{"start":{"line":257,"column":4},"end":{"line":259,"column":5}},{"start":{},"end":{}}],"line":257}},"s":{"0":1,"1":1,"2":1,"3":1,"4":1,"5":1,"6":2,"7":2,"8":2,"9":1,"10":1,"11":1,"12":1,"13":2,"14":2,"15":1,"16":1,"17":1,"18":1,"19":0,"20":0,"21":0,"22":0,"23":0,"24":0,"25":0,"26":1,"27":2,"28":2,"29":2,"30":1,"31":1,"32":1,"33":1,"34":0,"35":0,"36":0,"37":0,"38":0,"39":0,"40":0,"41":0,"42":0,"43":0,"44":0,"45":0,"46":0,"47":0,"48":0,"49":0,"50":1,"51":2,"52":2,"53":1,"54":1,"55":1,"56":1,"57":3,"58":3,"59":3,"60":2,"61":2,"62":1,"63":1,"64":1,"65":1},"f":{"0":2,"1":2,"2":0,"3":2,"4":0,"5":2,"6":3},"b":{"0":[0,0],"1":[0,0],"2":[0,0],"3":[0,0],"4":[1,1]},"_coverageSchema":"1a1c01bbd47fc00a2c39e90264f33305004495a9","hash":"388733ce23f760e22bd3ed4c2d31ed556cfb55ba"}
,"/home/kumshanu/hu/project phase/hu-22-spark-product-track-hirewatch-backend/src/controllers/application_actionController.js": {"path":"/home/kumshanu/hu/project phase/hu-22-spark-product-track-hirewatch-backend/src/controllers/application_actionController.js","statementMap":{"0":{"start":{"line":1,"column":16},"end":{"line":1,"column":34}},"1":{"start":{"line":2,"column":11},"end":{"line":2,"column":43}},"2":{"start":{"line":3,"column":30},"end":{"line":3,"column":57}},"3":{"start":{"line":5,"column":0},"end":{"line":21,"column":2}},"4":{"start":{"line":6,"column":2},"end":{"line":20,"column":3}},"5":{"start":{"line":7,"column":18},"end":{"line":10,"column":5}},"6":{"start":{"line":11,"column":32},"end":{"line":11,"column":53}},"7":{"start":{"line":12,"column":4},"end":{"line":12,"column":51}},"8":{"start":{"line":14,"column":4},"end":{"line":16,"column":6}},"9":{"start":{"line":17,"column":4},"end":{"line":19,"column":66}},"10":{"start":{"line":23,"column":0},"end":{"line":43,"column":2}},"11":{"start":{"line":24,"column":2},"end":{"line":42,"column":3}},"12":{"start":{"line":25,"column":19},"end":{"line":25,"column":29}},"13":{"start":{"line":27,"column":18},"end":{"line":31,"column":9}},"14":{"start":{"line":33,"column":32},"end":{"line":33,"column":53}},"15":{"start":{"line":34,"column":4},"end":{"line":34,"column":51}},"16":{"start":{"line":36,"column":4},"end":{"line":38,"column":6}},"17":{"start":{"line":39,"column":4},"end":{"line":41,"column":67}},"18":{"start":{"line":45,"column":0},"end":{"line":64,"column":2}},"19":{"start":{"line":46,"column":2},"end":{"line":63,"column":3}},"20":{"start":{"line":47,"column":21},"end":{"line":47,"column":29}},"21":{"start":{"line":49,"column":18},"end":{"line":52,"column":5}},"22":{"start":{"line":54,"column":4},"end":{"line":54,"column":26}},"23":{"start":{"line":55,"column":4},"end":{"line":55,"column":56}},"24":{"start":{"line":57,"column":4},"end":{"line":59,"column":6}},"25":{"start":{"line":60,"column":4},"end":{"line":62,"column":64}}},"fnMap":{"0":{"name":"(anonymous_0)","decl":{"start":{"line":5,"column":34},"end":{"line":5,"column":35}},"loc":{"start":{"line":5,"column":60},"end":{"line":21,"column":1}},"line":5},"1":{"name":"(anonymous_1)","decl":{"start":{"line":23,"column":35},"end":{"line":23,"column":36}},"loc":{"start":{"line":23,"column":61},"end":{"line":43,"column":1}},"line":23},"2":{"name":"(anonymous_2)","decl":{"start":{"line":45,"column":34},"end":{"line":45,"column":35}},"loc":{"start":{"line":45,"column":60},"end":{"line":64,"column":1}},"line":45}},"branchMap":{},"s":{"0":1,"1":1,"2":1,"3":1,"4":2,"5":2,"6":2,"7":1,"8":1,"9":1,"10":1,"11":2,"12":2,"13":2,"14":2,"15":1,"16":1,"17":1,"18":1,"19":2,"20":2,"21":2,"22":2,"23":1,"24":1,"25":1},"f":{"0":2,"1":2,"2":2},"b":{},"_coverageSchema":"1a1c01bbd47fc00a2c39e90264f33305004495a9","hash":"2b1304a06c626357ee7d1f23c73adc8284063d1d"}
,"/home/kumshanu/hu/project phase/hu-22-spark-product-track-hirewatch-backend/src/controllers/application_statusController.js": {"path":"/home/kumshanu/hu/project phase/hu-22-spark-product-track-hirewatch-backend/src/controllers/application_statusController.js","statementMap":{"0":{"start":{"line":1,"column":16},"end":{"line":1,"column":34}},"1":{"start":{"line":2,"column":11},"end":{"line":2,"column":43}},"2":{"start":{"line":8,"column":0},"end":{"line":27,"column":2}},"3":{"start":{"line":9,"column":2},"end":{"line":26,"column":3}},"4":{"start":{"line":10,"column":21},"end":{"line":10,"column":29}},"5":{"start":{"line":12,"column":16},"end":{"line":15,"column":5}},"6":{"start":{"line":17,"column":4},"end":{"line":17,"column":26}},"7":{"start":{"line":18,"column":4},"end":{"line":18,"column":34}},"8":{"start":{"line":20,"column":4},"end":{"line":22,"column":6}},"9":{"start":{"line":23,"column":4},"end":{"line":25,"column":62}},"10":{"start":{"line":32,"column":0},"end":{"line":49,"column":2}},"11":{"start":{"line":33,"column":2},"end":{"line":48,"column":3}},"12":{"start":{"line":34,"column":16},"end":{"line":37,"column":5}},"13":{"start":{"line":39,"column":21},"end":{"line":39,"column":42}},"14":{"start":{"line":40,"column":4},"end":{"line":40,"column":40}},"15":{"start":{"line":42,"column":4},"end":{"line":44,"column":6}},"16":{"start":{"line":45,"column":4},"end":{"line":47,"column":63}},"17":{"start":{"line":54,"column":0},"end":{"line":71,"column":2}},"18":{"start":{"line":55,"column":2},"end":{"line":70,"column":3}},"19":{"start":{"line":56,"column":19},"end":{"line":56,"column":29}},"20":{"start":{"line":58,"column":16},"end":{"line":61,"column":5}},"21":{"start":{"line":63,"column":4},"end":{"line":63,"column":26}},"22":{"start":{"line":64,"column":4},"end":{"line":64,"column":34}},"23":{"start":{"line":66,"column":4},"end":{"line":68,"column":6}},"24":{"start":{"line":69,"column":4},"end":{"line":69,"column":77}},"25":{"start":{"line":76,"column":0},"end":{"line":93,"column":2}},"26":{"start":{"line":77,"column":2},"end":{"line":92,"column":3}},"27":{"start":{"line":78,"column":16},"end":{"line":81,"column":5}},"28":{"start":{"line":83,"column":4},"end":{"line":83,"column":26}},"29":{"start":{"line":84,"column":4},"end":{"line":84,"column":34}},"30":{"start":{"line":86,"column":4},"end":{"line":88,"column":6}},"31":{"start":{"line":89,"column":4},"end":{"line":91,"column":68}}},"fnMap":{"0":{"name":"(anonymous_0)","decl":{"start":{"line":8,"column":31},"end":{"line":8,"column":32}},"loc":{"start":{"line":8,"column":57},"end":{"line":27,"column":1}},"line":8},"1":{"name":"(anonymous_1)","decl":{"start":{"line":32,"column":34},"end":{"line":32,"column":35}},"loc":{"start":{"line":32,"column":60},"end":{"line":49,"column":1}},"line":32},"2":{"name":"(anonymous_2)","decl":{"start":{"line":54,"column":38},"end":{"line":54,"column":39}},"loc":{"start":{"line":54,"column":64},"end":{"line":71,"column":1}},"line":54},"3":{"name":"(anonymous_3)","decl":{"start":{"line":76,"column":37},"end":{"line":76,"column":38}},"loc":{"start":{"line":76,"column":63},"end":{"line":93,"column":1}},"line":76}},"branchMap":{},"s":{"0":1,"1":1,"2":1,"3":2,"4":2,"5":2,"6":2,"7":1,"8":1,"9":1,"10":1,"11":2,"12":2,"13":2,"14":1,"15":1,"16":1,"17":1,"18":2,"19":2,"20":2,"21":2,"22":1,"23":1,"24":1,"25":1,"26":2,"27":2,"28":2,"29":1,"30":1,"31":1},"f":{"0":2,"1":2,"2":2,"3":2},"b":{},"_coverageSchema":"1a1c01bbd47fc00a2c39e90264f33305004495a9","hash":"f964d0b49f4ae37b787d05e1b0801bb7f4d76498"}
,"/home/kumshanu/hu/project phase/hu-22-spark-product-track-hirewatch-backend/src/controllers/authController.js": {"path":"/home/kumshanu/hu/project phase/hu-22-spark-product-track-hirewatch-backend/src/controllers/authController.js","statementMap":{"0":{"start":{"line":1,"column":12},"end":{"line":1,"column":35}},"1":{"start":{"line":2,"column":15},"end":{"line":2,"column":32}},"2":{"start":{"line":3,"column":23},"end":{"line":3,"column":50}},"3":{"start":{"line":5,"column":22},"end":{"line":16,"column":1}},"4":{"start":{"line":6,"column":21},"end":{"line":6,"column":60}},"5":{"start":{"line":8,"column":16},"end":{"line":13,"column":3}},"6":{"start":{"line":15,"column":2},"end":{"line":15,"column":63}},"7":{"start":{"line":18,"column":0},"end":{"line":46,"column":2}},"8":{"start":{"line":19,"column":2},"end":{"line":45,"column":3}},"9":{"start":{"line":20,"column":23},"end":{"line":20,"column":72}},"10":{"start":{"line":22,"column":4},"end":{"line":22,"column":47}},"11":{"start":{"line":23,"column":32},"end":{"line":23,"column":40}},"12":{"start":{"line":24,"column":17},"end":{"line":27,"column":6}},"13":{"start":{"line":29,"column":4},"end":{"line":31,"column":5}},"14":{"start":{"line":30,"column":6},"end":{"line":30,"column":65}},"15":{"start":{"line":33,"column":26},"end":{"line":33,"column":71}},"16":{"start":{"line":34,"column":4},"end":{"line":36,"column":5}},"17":{"start":{"line":35,"column":6},"end":{"line":35,"column":69}},"18":{"start":{"line":38,"column":18},"end":{"line":38,"column":37}},"19":{"start":{"line":39,"column":4},"end":{"line":39,"column":73}},"20":{"start":{"line":41,"column":4},"end":{"line":41,"column":60}},"21":{"start":{"line":42,"column":4},"end":{"line":44,"column":63}}},"fnMap":{"0":{"name":"(anonymous_0)","decl":{"start":{"line":5,"column":22},"end":{"line":5,"column":23}},"loc":{"start":{"line":5,"column":38},"end":{"line":16,"column":1}},"line":5},"1":{"name":"(anonymous_1)","decl":{"start":{"line":18,"column":20},"end":{"line":18,"column":21}},"loc":{"start":{"line":18,"column":46},"end":{"line":46,"column":1}},"line":18}},"branchMap":{"0":{"loc":{"start":{"line":29,"column":4},"end":{"line":31,"column":5}},"type":"if","locations":[{"start":{"line":29,"column":4},"end":{"line":31,"column":5}},{"start":{},"end":{}}],"line":29},"1":{"loc":{"start":{"line":34,"column":4},"end":{"line":36,"column":5}},"type":"if","locations":[{"start":{"line":34,"column":4},"end":{"line":36,"column":5}},{"start":{},"end":{}}],"line":34}},"s":{"0":1,"1":1,"2":1,"3":1,"4":1,"5":1,"6":1,"7":1,"8":4,"9":4,"10":4,"11":4,"12":4,"13":3,"14":1,"15":2,"16":2,"17":1,"18":1,"19":1,"20":1,"21":1},"f":{"0":1,"1":4},"b":{"0":[1,2],"1":[1,1]},"_coverageSchema":"1a1c01bbd47fc00a2c39e90264f33305004495a9","hash":"4f6eecacf3d4e808a43d6e7e0a4895838192b348"}
,"/home/kumshanu/hu/project phase/hu-22-spark-product-track-hirewatch-backend/src/controllers/roleController.js": {"path":"/home/kumshanu/hu/project phase/hu-22-spark-product-track-hirewatch-backend/src/controllers/roleController.js","statementMap":{"0":{"start":{"line":1,"column":11},"end":{"line":1,"column":43}},"1":{"start":{"line":2,"column":23},"end":{"line":2,"column":50}},"2":{"start":{"line":5,"column":0},"end":{"line":14,"column":2}},"3":{"start":{"line":6,"column":2},"end":{"line":13,"column":3}},"4":{"start":{"line":7,"column":19},"end":{"line":7,"column":27}},"5":{"start":{"line":8,"column":4},"end":{"line":8,"column":26}},"6":{"start":{"line":9,"column":20},"end":{"line":9,"column":47}},"7":{"start":{"line":10,"column":4},"end":{"line":10,"column":63}},"8":{"start":{"line":12,"column":4},"end":{"line":12,"column":65}},"9":{"start":{"line":17,"column":0},"end":{"line":25,"column":2}},"10":{"start":{"line":18,"column":2},"end":{"line":24,"column":3}},"11":{"start":{"line":19,"column":18},"end":{"line":19,"column":38}},"12":{"start":{"line":20,"column":4},"end":{"line":20,"column":20}},"13":{"start":{"line":22,"column":4},"end":{"line":22,"column":56}},"14":{"start":{"line":23,"column":4},"end":{"line":23,"column":80}},"15":{"start":{"line":28,"column":0},"end":{"line":44,"column":2}},"16":{"start":{"line":29,"column":2},"end":{"line":43,"column":3}},"17":{"start":{"line":30,"column":19},"end":{"line":30,"column":29}},"18":{"start":{"line":31,"column":17},"end":{"line":31,"column":70}},"19":{"start":{"line":33,"column":4},"end":{"line":35,"column":5}},"20":{"start":{"line":34,"column":6},"end":{"line":34,"column":63}},"21":{"start":{"line":37,"column":4},"end":{"line":37,"column":31}},"22":{"start":{"line":39,"column":4},"end":{"line":39,"column":56}},"23":{"start":{"line":40,"column":4},"end":{"line":42,"column":74}},"24":{"start":{"line":49,"column":0},"end":{"line":68,"column":2}},"25":{"start":{"line":50,"column":2},"end":{"line":67,"column":3}},"26":{"start":{"line":51,"column":19},"end":{"line":51,"column":29}},"27":{"start":{"line":53,"column":15},"end":{"line":53,"column":38}},"28":{"start":{"line":55,"column":4},"end":{"line":57,"column":5}},"29":{"start":{"line":56,"column":6},"end":{"line":56,"column":63}},"30":{"start":{"line":59,"column":4},"end":{"line":59,"column":25}},"31":{"start":{"line":61,"column":4},"end":{"line":61,"column":48}},"32":{"start":{"line":63,"column":4},"end":{"line":63,"column":59}},"33":{"start":{"line":64,"column":4},"end":{"line":66,"column":74}},"34":{"start":{"line":77,"column":0},"end":{"line":97,"column":2}},"35":{"start":{"line":78,"column":2},"end":{"line":96,"column":3}},"36":{"start":{"line":79,"column":19},"end":{"line":79,"column":29}},"37":{"start":{"line":81,"column":17},"end":{"line":81,"column":40}},"38":{"start":{"line":83,"column":4},"end":{"line":85,"column":5}},"39":{"start":{"line":84,"column":6},"end":{"line":84,"column":63}},"40":{"start":{"line":87,"column":21},"end":{"line":87,"column":29}},"41":{"start":{"line":88,"column":24},"end":{"line":88,"column":51}},"42":{"start":{"line":90,"column":4},"end":{"line":90,"column":38}},"43":{"start":{"line":92,"column":4},"end":{"line":92,"column":55}},"44":{"start":{"line":93,"column":4},"end":{"line":95,"column":68}}},"fnMap":{"0":{"name":"(anonymous_0)","decl":{"start":{"line":5,"column":18},"end":{"line":5,"column":19}},"loc":{"start":{"line":5,"column":44},"end":{"line":14,"column":1}},"line":5},"1":{"name":"(anonymous_1)","decl":{"start":{"line":17,"column":22},"end":{"line":17,"column":23}},"loc":{"start":{"line":17,"column":48},"end":{"line":25,"column":1}},"line":17},"2":{"name":"(anonymous_2)","decl":{"start":{"line":28,"column":22},"end":{"line":28,"column":23}},"loc":{"start":{"line":28,"column":48},"end":{"line":44,"column":1}},"line":28},"3":{"name":"(anonymous_3)","decl":{"start":{"line":49,"column":25},"end":{"line":49,"column":26}},"loc":{"start":{"line":49,"column":51},"end":{"line":68,"column":1}},"line":49},"4":{"name":"(anonymous_4)","decl":{"start":{"line":77,"column":21},"end":{"line":77,"column":22}},"loc":{"start":{"line":77,"column":47},"end":{"line":97,"column":1}},"line":77}},"branchMap":{"0":{"loc":{"start":{"line":33,"column":4},"end":{"line":35,"column":5}},"type":"if","locations":[{"start":{"line":33,"column":4},"end":{"line":35,"column":5}},{"start":{},"end":{}}],"line":33},"1":{"loc":{"start":{"line":55,"column":4},"end":{"line":57,"column":5}},"type":"if","locations":[{"start":{"line":55,"column":4},"end":{"line":57,"column":5}},{"start":{},"end":{}}],"line":55},"2":{"loc":{"start":{"line":83,"column":4},"end":{"line":85,"column":5}},"type":"if","locations":[{"start":{"line":83,"column":4},"end":{"line":85,"column":5}},{"start":{},"end":{}}],"line":83}},"s":{"0":1,"1":1,"2":1,"3":2,"4":2,"5":2,"6":2,"7":1,"8":1,"9":1,"10":2,"11":2,"12":1,"13":1,"14":1,"15":1,"16":3,"17":3,"18":3,"19":2,"20":1,"21":1,"22":1,"23":1,"24":1,"25":3,"26":3,"27":3,"28":2,"29":1,"30":1,"31":1,"32":1,"33":1,"34":1,"35":3,"36":3,"37":3,"38":2,"39":1,"40":1,"41":1,"42":1,"43":1,"44":1},"f":{"0":2,"1":2,"2":3,"3":3,"4":3},"b":{"0":[1,1],"1":[1,1],"2":[1,1]},"_coverageSchema":"1a1c01bbd47fc00a2c39e90264f33305004495a9","hash":"115858ba48d2dca259c6ac76c7e158b44e29331c"}
,"/home/kumshanu/hu/project phase/hu-22-spark-product-track-hirewatch-backend/src/controllers/tech_stackController.js": {"path":"/home/kumshanu/hu/project phase/hu-22-spark-product-track-hirewatch-backend/src/controllers/tech_stackController.js","statementMap":{"0":{"start":{"line":1,"column":16},"end":{"line":1,"column":34}},"1":{"start":{"line":2,"column":11},"end":{"line":2,"column":43}},"2":{"start":{"line":4,"column":0},"end":{"line":13,"column":2}},"3":{"start":{"line":5,"column":2},"end":{"line":12,"column":3}},"4":{"start":{"line":6,"column":18},"end":{"line":6,"column":45}},"5":{"start":{"line":7,"column":24},"end":{"line":7,"column":45}},"6":{"start":{"line":8,"column":4},"end":{"line":8,"column":43}},"7":{"start":{"line":10,"column":4},"end":{"line":10,"column":72}},"8":{"start":{"line":11,"column":4},"end":{"line":11,"column":80}},"9":{"start":{"line":15,"column":0},"end":{"line":27,"column":2}},"10":{"start":{"line":16,"column":2},"end":{"line":26,"column":3}},"11":{"start":{"line":17,"column":19},"end":{"line":17,"column":29}},"12":{"start":{"line":18,"column":18},"end":{"line":18,"column":63}},"13":{"start":{"line":19,"column":24},"end":{"line":19,"column":45}},"14":{"start":{"line":20,"column":4},"end":{"line":20,"column":43}},"15":{"start":{"line":22,"column":4},"end":{"line":22,"column":72}},"16":{"start":{"line":23,"column":4},"end":{"line":25,"column":61}},"17":{"start":{"line":29,"column":0},"end":{"line":41,"column":2}},"18":{"start":{"line":30,"column":2},"end":{"line":40,"column":3}},"19":{"start":{"line":31,"column":18},"end":{"line":31,"column":78}},"20":{"start":{"line":32,"column":19},"end":{"line":32,"column":40}},"21":{"start":{"line":34,"column":4},"end":{"line":34,"column":45}},"22":{"start":{"line":36,"column":4},"end":{"line":36,"column":72}},"23":{"start":{"line":37,"column":4},"end":{"line":39,"column":56}}},"fnMap":{"0":{"name":"(anonymous_0)","decl":{"start":{"line":4,"column":26},"end":{"line":4,"column":27}},"loc":{"start":{"line":4,"column":52},"end":{"line":13,"column":1}},"line":4},"1":{"name":"(anonymous_1)","decl":{"start":{"line":15,"column":27},"end":{"line":15,"column":28}},"loc":{"start":{"line":15,"column":53},"end":{"line":27,"column":1}},"line":15},"2":{"name":"(anonymous_2)","decl":{"start":{"line":29,"column":26},"end":{"line":29,"column":27}},"loc":{"start":{"line":29,"column":52},"end":{"line":41,"column":1}},"line":29}},"branchMap":{},"s":{"0":1,"1":1,"2":1,"3":2,"4":2,"5":2,"6":1,"7":1,"8":1,"9":1,"10":2,"11":2,"12":2,"13":2,"14":1,"15":1,"16":1,"17":1,"18":2,"19":2,"20":2,"21":1,"22":1,"23":1},"f":{"0":2,"1":2,"2":2},"b":{},"_coverageSchema":"1a1c01bbd47fc00a2c39e90264f33305004495a9","hash":"0114c0859a0eaad5b940439df72be441e0c2efef"}
,"/home/kumshanu/hu/project phase/hu-22-spark-product-track-hirewatch-backend/src/controllers/testController.js": {"path":"/home/kumshanu/hu/project phase/hu-22-spark-product-track-hirewatch-backend/src/controllers/testController.js","statementMap":{"0":{"start":{"line":7,"column":4},"end":{"line":7,"column":31}},"1":{"start":{"line":12,"column":0},"end":{"line":20,"column":2}},"2":{"start":{"line":13,"column":2},"end":{"line":19,"column":3}},"3":{"start":{"line":14,"column":18},"end":{"line":14,"column":40}},"4":{"start":{"line":15,"column":4},"end":{"line":15,"column":39}},"5":{"start":{"line":17,"column":4},"end":{"line":17,"column":62}},"6":{"start":{"line":18,"column":4},"end":{"line":18,"column":74}},"7":{"start":{"line":25,"column":0},"end":{"line":39,"column":2}},"8":{"start":{"line":26,"column":2},"end":{"line":38,"column":3}},"9":{"start":{"line":27,"column":19},"end":{"line":27,"column":29}},"10":{"start":{"line":29,"column":17},"end":{"line":32,"column":6}},"11":{"start":{"line":34,"column":4},"end":{"line":34,"column":38}},"12":{"start":{"line":36,"column":4},"end":{"line":36,"column":62}},"13":{"start":{"line":37,"column":4},"end":{"line":37,"column":75}},"14":{"start":{"line":52,"column":0},"end":{"line":70,"column":2}},"15":{"start":{"line":53,"column":2},"end":{"line":69,"column":3}},"16":{"start":{"line":54,"column":69},"end":{"line":54,"column":77}},"17":{"start":{"line":56,"column":17},"end":{"line":63,"column":6}},"18":{"start":{"line":65,"column":4},"end":{"line":65,"column":38}},"19":{"start":{"line":67,"column":4},"end":{"line":67,"column":58}},"20":{"start":{"line":68,"column":4},"end":{"line":68,"column":67}},"21":{"start":{"line":84,"column":0},"end":{"line":125,"column":2}},"22":{"start":{"line":85,"column":2},"end":{"line":124,"column":3}},"23":{"start":{"line":86,"column":19},"end":{"line":86,"column":29}},"24":{"start":{"line":88,"column":17},"end":{"line":88,"column":40}},"25":{"start":{"line":90,"column":4},"end":{"line":92,"column":5}},"26":{"start":{"line":91,"column":6},"end":{"line":91,"column":65}},"27":{"start":{"line":94,"column":69},"end":{"line":94,"column":77}},"28":{"start":{"line":96,"column":15},"end":{"line":96,"column":72}},"29":{"start":{"line":98,"column":4},"end":{"line":98,"column":48}},"30":{"start":{"line":98,"column":26},"end":{"line":98,"column":48}},"31":{"start":{"line":99,"column":4},"end":{"line":99,"column":58}},"32":{"start":{"line":99,"column":28},"end":{"line":99,"column":58}},"33":{"start":{"line":100,"column":4},"end":{"line":100,"column":49}},"34":{"start":{"line":100,"column":25},"end":{"line":100,"column":49}},"35":{"start":{"line":101,"column":4},"end":{"line":101,"column":46}},"36":{"start":{"line":101,"column":24},"end":{"line":101,"column":46}},"37":{"start":{"line":102,"column":4},"end":{"line":102,"column":64}},"38":{"start":{"line":102,"column":30},"end":{"line":102,"column":64}},"39":{"start":{"line":103,"column":4},"end":{"line":103,"column":73}},"40":{"start":{"line":103,"column":33},"end":{"line":103,"column":73}},"41":{"start":{"line":105,"column":24},"end":{"line":118,"column":5}},"42":{"start":{"line":120,"column":4},"end":{"line":120,"column":34}},"43":{"start":{"line":122,"column":4},"end":{"line":122,"column":65}},"44":{"start":{"line":123,"column":4},"end":{"line":123,"column":70}},"45":{"start":{"line":131,"column":0},"end":{"line":148,"column":2}},"46":{"start":{"line":132,"column":2},"end":{"line":147,"column":3}},"47":{"start":{"line":133,"column":19},"end":{"line":133,"column":29}},"48":{"start":{"line":135,"column":17},"end":{"line":135,"column":40}},"49":{"start":{"line":137,"column":4},"end":{"line":139,"column":5}},"50":{"start":{"line":138,"column":6},"end":{"line":138,"column":79}},"51":{"start":{"line":141,"column":4},"end":{"line":141,"column":25}},"52":{"start":{"line":143,"column":4},"end":{"line":143,"column":34}},"53":{"start":{"line":145,"column":4},"end":{"line":145,"column":65}},"54":{"start":{"line":146,"column":4},"end":{"line":146,"column":70}}},"fnMap":{"0":{"name":"(anonymous_0)","decl":{"start":{"line":12,"column":22},"end":{"line":12,"column":23}},"loc":{"start":{"line":12,"column":48},"end":{"line":20,"column":1}},"line":12},"1":{"name":"(anonymous_1)","decl":{"start":{"line":25,"column":22},"end":{"line":25,"column":23}},"loc":{"start":{"line":25,"column":48},"end":{"line":39,"column":1}},"line":25},"2":{"name":"(anonymous_2)","decl":{"start":{"line":52,"column":18},"end":{"line":52,"column":19}},"loc":{"start":{"line":52,"column":44},"end":{"line":70,"column":1}},"line":52},"3":{"name":"(anonymous_3)","decl":{"start":{"line":84,"column":25},"end":{"line":84,"column":26}},"loc":{"start":{"line":84,"column":51},"end":{"line":125,"column":1}},"line":84},"4":{"name":"(anonymous_4)","decl":{"start":{"line":131,"column":25},"end":{"line":131,"column":26}},"loc":{"start":{"line":131,"column":51},"end":{"line":148,"column":1}},"line":131}},"branchMap":{"0":{"loc":{"start":{"line":90,"column":4},"end":{"line":92,"column":5}},"type":"if","locations":[{"start":{"line":90,"column":4},"end":{"line":92,"column":5}},{"start":{},"end":{}}],"line":90},"1":{"loc":{"start":{"line":98,"column":4},"end":{"line":98,"column":48}},"type":"if","locations":[{"start":{"line":98,"column":4},"end":{"line":98,"column":48}},{"start":{},"end":{}}],"line":98},"2":{"loc":{"start":{"line":99,"column":4},"end":{"line":99,"column":58}},"type":"if","locations":[{"start":{"line":99,"column":4},"end":{"line":99,"column":58}},{"start":{},"end":{}}],"line":99},"3":{"loc":{"start":{"line":100,"column":4},"end":{"line":100,"column":49}},"type":"if","locations":[{"start":{"line":100,"column":4},"end":{"line":100,"column":49}},{"start":{},"end":{}}],"line":100},"4":{"loc":{"start":{"line":101,"column":4},"end":{"line":101,"column":46}},"type":"if","locations":[{"start":{"line":101,"column":4},"end":{"line":101,"column":46}},{"start":{},"end":{}}],"line":101},"5":{"loc":{"start":{"line":102,"column":4},"end":{"line":102,"column":64}},"type":"if","locations":[{"start":{"line":102,"column":4},"end":{"line":102,"column":64}},{"start":{},"end":{}}],"line":102},"6":{"loc":{"start":{"line":103,"column":4},"end":{"line":103,"column":73}},"type":"if","locations":[{"start":{"line":103,"column":4},"end":{"line":103,"column":73}},{"start":{},"end":{}}],"line":103},"7":{"loc":{"start":{"line":137,"column":4},"end":{"line":139,"column":5}},"type":"if","locations":[{"start":{"line":137,"column":4},"end":{"line":139,"column":5}},{"start":{},"end":{}}],"line":137}},"s":{"0":1,"1":1,"2":2,"3":2,"4":1,"5":1,"6":1,"7":1,"8":2,"9":2,"10":2,"11":1,"12":1,"13":1,"14":1,"15":2,"16":2,"17":2,"18":1,"19":1,"20":1,"21":1,"22":3,"23":3,"24":3,"25":3,"26":1,"27":2,"28":2,"29":2,"30":0,"31":2,"32":0,"33":2,"34":0,"35":2,"36":0,"37":2,"38":2,"39":2,"40":2,"41":2,"42":1,"43":1,"44":1,"45":1,"46":3,"47":3,"48":3,"49":3,"50":1,"51":2,"52":1,"53":1,"54":1},"f":{"0":2,"1":2,"2":2,"3":3,"4":3},"b":{"0":[1,2],"1":[0,2],"2":[0,2],"3":[0,2],"4":[0,2],"5":[2,0],"6":[2,0],"7":[1,2]},"_coverageSchema":"1a1c01bbd47fc00a2c39e90264f33305004495a9","hash":"5cb0316d8930404216a9d7d1d5d1640c40544853"}
,"/home/kumshanu/hu/project phase/hu-22-spark-product-track-hirewatch-backend/src/controllers/userController.js": {"path":"/home/kumshanu/hu/project phase/hu-22-spark-product-track-hirewatch-backend/src/controllers/userController.js","statementMap":{"0":{"start":{"line":1,"column":19},"end":{"line":1,"column":40}},"1":{"start":{"line":2,"column":0},"end":{"line":2,"column":27}},"2":{"start":{"line":3,"column":23},"end":{"line":3,"column":50}},"3":{"start":{"line":4,"column":15},"end":{"line":4,"column":32}},"4":{"start":{"line":5,"column":17},"end":{"line":5,"column":41}},"5":{"start":{"line":7,"column":21},"end":{"line":12,"column":1}},"6":{"start":{"line":8,"column":22},"end":{"line":8,"column":24}},"7":{"start":{"line":10,"column":25},"end":{"line":10,"column":65}},"8":{"start":{"line":11,"column":2},"end":{"line":11,"column":24}},"9":{"start":{"line":14,"column":0},"end":{"line":14,"column":36}},"10":{"start":{"line":16,"column":0},"end":{"line":35,"column":2}},"11":{"start":{"line":17,"column":2},"end":{"line":34,"column":3}},"12":{"start":{"line":18,"column":32},"end":{"line":18,"column":40}},"13":{"start":{"line":20,"column":17},"end":{"line":20,"column":64}},"14":{"start":{"line":21,"column":4},"end":{"line":23,"column":5}},"15":{"start":{"line":22,"column":6},"end":{"line":22,"column":69}},"16":{"start":{"line":25,"column":26},"end":{"line":25,"column":71}},"17":{"start":{"line":26,"column":4},"end":{"line":28,"column":5}},"18":{"start":{"line":27,"column":6},"end":{"line":27,"column":69}},"19":{"start":{"line":30,"column":4},"end":{"line":30,"column":38}},"20":{"start":{"line":32,"column":4},"end":{"line":32,"column":61}},"21":{"start":{"line":33,"column":4},"end":{"line":33,"column":56}},"22":{"start":{"line":41,"column":0},"end":{"line":49,"column":2}},"23":{"start":{"line":42,"column":2},"end":{"line":48,"column":3}},"24":{"start":{"line":43,"column":18},"end":{"line":43,"column":38}},"25":{"start":{"line":44,"column":4},"end":{"line":44,"column":20}},"26":{"start":{"line":46,"column":4},"end":{"line":46,"column":56}},"27":{"start":{"line":47,"column":4},"end":{"line":47,"column":80}},"28":{"start":{"line":61,"column":0},"end":{"line":80,"column":2}},"29":{"start":{"line":62,"column":2},"end":{"line":79,"column":3}},"30":{"start":{"line":63,"column":4},"end":{"line":63,"column":26}},"31":{"start":{"line":64,"column":22},"end":{"line":64,"column":30}},"32":{"start":{"line":65,"column":4},"end":{"line":65,"column":68}},"33":{"start":{"line":67,"column":4},"end":{"line":71,"column":5}},"34":{"start":{"line":68,"column":6},"end":{"line":68,"column":44}},"35":{"start":{"line":70,"column":6},"end":{"line":70,"column":63}},"36":{"start":{"line":73,"column":4},"end":{"line":73,"column":38}},"37":{"start":{"line":75,"column":4},"end":{"line":75,"column":52}},"38":{"start":{"line":76,"column":4},"end":{"line":78,"column":63}},"39":{"start":{"line":82,"column":0},"end":{"line":120,"column":2}},"40":{"start":{"line":83,"column":2},"end":{"line":119,"column":3}},"41":{"start":{"line":85,"column":21},"end":{"line":85,"column":103}},"42":{"start":{"line":86,"column":24},"end":{"line":92,"column":6}},"43":{"start":{"line":93,"column":24},"end":{"line":107,"column":5}},"44":{"start":{"line":109,"column":4},"end":{"line":115,"column":7}},"45":{"start":{"line":110,"column":6},"end":{"line":114,"column":7}},"46":{"start":{"line":111,"column":8},"end":{"line":111,"column":37}},"47":{"start":{"line":113,"column":8},"end":{"line":113,"column":50}},"48":{"start":{"line":116,"column":4},"end":{"line":116,"column":41}},"49":{"start":{"line":118,"column":4},"end":{"line":118,"column":33}},"50":{"start":{"line":126,"column":0},"end":{"line":145,"column":2}},"51":{"start":{"line":127,"column":2},"end":{"line":144,"column":3}},"52":{"start":{"line":128,"column":19},"end":{"line":128,"column":29}},"53":{"start":{"line":130,"column":17},"end":{"line":133,"column":6}},"54":{"start":{"line":134,"column":4},"end":{"line":136,"column":5}},"55":{"start":{"line":135,"column":6},"end":{"line":135,"column":65}},"56":{"start":{"line":138,"column":4},"end":{"line":138,"column":38}},"57":{"start":{"line":140,"column":4},"end":{"line":140,"column":56}},"58":{"start":{"line":141,"column":4},"end":{"line":143,"column":67}},"59":{"start":{"line":164,"column":0},"end":{"line":209,"column":2}},"60":{"start":{"line":165,"column":2},"end":{"line":208,"column":3}},"61":{"start":{"line":166,"column":19},"end":{"line":166,"column":29}},"62":{"start":{"line":168,"column":17},"end":{"line":168,"column":40}},"63":{"start":{"line":169,"column":4},"end":{"line":171,"column":5}},"64":{"start":{"line":170,"column":6},"end":{"line":170,"column":70}},"65":{"start":{"line":182,"column":8},"end":{"line":182,"column":16}},"66":{"start":{"line":184,"column":26},"end":{"line":184,"column":28}},"67":{"start":{"line":186,"column":4},"end":{"line":186,"column":58}},"68":{"start":{"line":186,"column":20},"end":{"line":186,"column":58}},"69":{"start":{"line":187,"column":4},"end":{"line":187,"column":55}},"70":{"start":{"line":187,"column":19},"end":{"line":187,"column":55}},"71":{"start":{"line":188,"column":4},"end":{"line":188,"column":43}},"72":{"start":{"line":188,"column":15},"end":{"line":188,"column":43}},"73":{"start":{"line":189,"column":4},"end":{"line":189,"column":43}},"74":{"start":{"line":189,"column":15},"end":{"line":189,"column":43}},"75":{"start":{"line":190,"column":4},"end":{"line":190,"column":72}},"76":{"start":{"line":190,"column":18},"end":{"line":190,"column":72}},"77":{"start":{"line":191,"column":4},"end":{"line":191,"column":70}},"78":{"start":{"line":191,"column":24},"end":{"line":191,"column":70}},"79":{"start":{"line":192,"column":4},"end":{"line":192,"column":49}},"80":{"start":{"line":192,"column":17},"end":{"line":192,"column":49}},"81":{"start":{"line":193,"column":4},"end":{"line":193,"column":49}},"82":{"start":{"line":193,"column":17},"end":{"line":193,"column":49}},"83":{"start":{"line":195,"column":4},"end":{"line":195,"column":37}},"84":{"start":{"line":198,"column":24},"end":{"line":200,"column":6}},"85":{"start":{"line":202,"column":4},"end":{"line":202,"column":45}},"86":{"start":{"line":204,"column":4},"end":{"line":204,"column":59}},"87":{"start":{"line":205,"column":4},"end":{"line":207,"column":66}},"88":{"start":{"line":214,"column":0},"end":{"line":226,"column":2}},"89":{"start":{"line":215,"column":2},"end":{"line":225,"column":3}},"90":{"start":{"line":216,"column":19},"end":{"line":216,"column":29}},"91":{"start":{"line":217,"column":4},"end":{"line":217,"column":54}},"92":{"start":{"line":219,"column":4},"end":{"line":219,"column":34}},"93":{"start":{"line":221,"column":4},"end":{"line":221,"column":59}},"94":{"start":{"line":222,"column":4},"end":{"line":224,"column":68}}},"fnMap":{"0":{"name":"(anonymous_0)","decl":{"start":{"line":7,"column":21},"end":{"line":7,"column":22}},"loc":{"start":{"line":7,"column":47},"end":{"line":12,"column":1}},"line":7},"1":{"name":"(anonymous_1)","decl":{"start":{"line":16,"column":27},"end":{"line":16,"column":28}},"loc":{"start":{"line":16,"column":53},"end":{"line":35,"column":1}},"line":16},"2":{"name":"(anonymous_2)","decl":{"start":{"line":41,"column":22},"end":{"line":41,"column":23}},"loc":{"start":{"line":41,"column":48},"end":{"line":49,"column":1}},"line":41},"3":{"name":"(anonymous_3)","decl":{"start":{"line":61,"column":18},"end":{"line":61,"column":19}},"loc":{"start":{"line":61,"column":44},"end":{"line":80,"column":1}},"line":61},"4":{"name":"(anonymous_4)","decl":{"start":{"line":82,"column":20},"end":{"line":82,"column":21}},"loc":{"start":{"line":82,"column":46},"end":{"line":120,"column":1}},"line":82},"5":{"name":"(anonymous_5)","decl":{"start":{"line":109,"column":38},"end":{"line":109,"column":39}},"loc":{"start":{"line":109,"column":55},"end":{"line":115,"column":5}},"line":109},"6":{"name":"(anonymous_6)","decl":{"start":{"line":126,"column":22},"end":{"line":126,"column":23}},"loc":{"start":{"line":126,"column":48},"end":{"line":145,"column":1}},"line":126},"7":{"name":"(anonymous_7)","decl":{"start":{"line":164,"column":25},"end":{"line":164,"column":26}},"loc":{"start":{"line":164,"column":51},"end":{"line":209,"column":1}},"line":164},"8":{"name":"(anonymous_8)","decl":{"start":{"line":214,"column":25},"end":{"line":214,"column":26}},"loc":{"start":{"line":214,"column":51},"end":{"line":226,"column":1}},"line":214}},"branchMap":{"0":{"loc":{"start":{"line":21,"column":4},"end":{"line":23,"column":5}},"type":"if","locations":[{"start":{"line":21,"column":4},"end":{"line":23,"column":5}},{"start":{},"end":{}}],"line":21},"1":{"loc":{"start":{"line":26,"column":4},"end":{"line":28,"column":5}},"type":"if","locations":[{"start":{"line":26,"column":4},"end":{"line":28,"column":5}},{"start":{},"end":{}}],"line":26},"2":{"loc":{"start":{"line":67,"column":4},"end":{"line":71,"column":5}},"type":"if","locations":[{"start":{"line":67,"column":4},"end":{"line":71,"column":5}},{"start":{"line":69,"column":11},"end":{"line":71,"column":5}}],"line":67},"3":{"loc":{"start":{"line":110,"column":6},"end":{"line":114,"column":7}},"type":"if","locations":[{"start":{"line":110,"column":6},"end":{"line":114,"column":7}},{"start":{"line":112,"column":13},"end":{"line":114,"column":7}}],"line":110},"4":{"loc":{"start":{"line":134,"column":4},"end":{"line":136,"column":5}},"type":"if","locations":[{"start":{"line":134,"column":4},"end":{"line":136,"column":5}},{"start":{},"end":{}}],"line":134},"5":{"loc":{"start":{"line":169,"column":4},"end":{"line":171,"column":5}},"type":"if","locations":[{"start":{"line":169,"column":4},"end":{"line":171,"column":5}},{"start":{},"end":{}}],"line":169},"6":{"loc":{"start":{"line":186,"column":4},"end":{"line":186,"column":58}},"type":"if","locations":[{"start":{"line":186,"column":4},"end":{"line":186,"column":58}},{"start":{},"end":{}}],"line":186},"7":{"loc":{"start":{"line":187,"column":4},"end":{"line":187,"column":55}},"type":"if","locations":[{"start":{"line":187,"column":4},"end":{"line":187,"column":55}},{"start":{},"end":{}}],"line":187},"8":{"loc":{"start":{"line":188,"column":4},"end":{"line":188,"column":43}},"type":"if","locations":[{"start":{"line":188,"column":4},"end":{"line":188,"column":43}},{"start":{},"end":{}}],"line":188},"9":{"loc":{"start":{"line":189,"column":4},"end":{"line":189,"column":43}},"type":"if","locations":[{"start":{"line":189,"column":4},"end":{"line":189,"column":43}},{"start":{},"end":{}}],"line":189},"10":{"loc":{"start":{"line":190,"column":4},"end":{"line":190,"column":72}},"type":"if","locations":[{"start":{"line":190,"column":4},"end":{"line":190,"column":72}},{"start":{},"end":{}}],"line":190},"11":{"loc":{"start":{"line":191,"column":4},"end":{"line":191,"column":70}},"type":"if","locations":[{"start":{"line":191,"column":4},"end":{"line":191,"column":70}},{"start":{},"end":{}}],"line":191},"12":{"loc":{"start":{"line":192,"column":4},"end":{"line":192,"column":49}},"type":"if","locations":[{"start":{"line":192,"column":4},"end":{"line":192,"column":49}},{"start":{},"end":{}}],"line":192},"13":{"loc":{"start":{"line":193,"column":4},"end":{"line":193,"column":49}},"type":"if","locations":[{"start":{"line":193,"column":4},"end":{"line":193,"column":49}},{"start":{},"end":{}}],"line":193}},"s":{"0":1,"1":1,"2":1,"3":1,"4":1,"5":1,"6":4,"7":4,"8":4,"9":1,"10":1,"11":4,"12":4,"13":4,"14":3,"15":2,"16":1,"17":1,"18":0,"19":1,"20":1,"21":1,"22":1,"23":2,"24":2,"25":1,"26":1,"27":1,"28":1,"29":3,"30":3,"31":3,"32":3,"33":3,"34":1,"35":2,"36":0,"37":1,"38":1,"39":1,"40":2,"41":2,"42":0,"43":0,"44":0,"45":0,"46":0,"47":0,"48":0,"49":2,"50":1,"51":2,"52":2,"53":2,"54":2,"55":1,"56":1,"57":0,"58":0,"59":1,"60":3,"61":3,"62":3,"63":3,"64":1,"65":2,"66":2,"67":2,"68":2,"69":2,"70":2,"71":2,"72":2,"73":2,"74":0,"75":2,"76":0,"77":2,"78":0,"79":2,"80":0,"81":2,"82":0,"83":2,"84":1,"85":1,"86":1,"87":1,"88":1,"89":3,"90":3,"91":3,"92":3,"93":3,"94":3},"f":{"0":4,"1":4,"2":2,"3":3,"4":2,"5":0,"6":2,"7":3,"8":3},"b":{"0":[2,1],"1":[0,1],"2":[1,2],"3":[0,0],"4":[1,1],"5":[1,2],"6":[2,0],"7":[2,0],"8":[2,0],"9":[0,2],"10":[0,2],"11":[0,2],"12":[0,2],"13":[0,2]},"_coverageSchema":"1a1c01bbd47fc00a2c39e90264f33305004495a9","hash":"65f7963d0366cd90c48fff756fb852a6b37dfef9"}
,"/home/kumshanu/hu/project phase/hu-22-spark-product-track-hirewatch-backend/src/controllers/violationController.js": {"path":"/home/kumshanu/hu/project phase/hu-22-spark-product-track-hirewatch-backend/src/controllers/violationController.js","statementMap":{"0":{"start":{"line":1,"column":16},"end":{"line":1,"column":34}},"1":{"start":{"line":2,"column":0},"end":{"line":2,"column":27}},"2":{"start":{"line":3,"column":22},"end":{"line":3,"column":49}},"3":{"start":{"line":13,"column":0},"end":{"line":33,"column":2}},"4":{"start":{"line":14,"column":2},"end":{"line":32,"column":3}},"5":{"start":{"line":15,"column":44},"end":{"line":15,"column":52}},"6":{"start":{"line":20,"column":22},"end":{"line":24,"column":6}},"7":{"start":{"line":26,"column":4},"end":{"line":26,"column":43}},"8":{"start":{"line":28,"column":4},"end":{"line":28,"column":62}},"9":{"start":{"line":29,"column":4},"end":{"line":31,"column":75}},"10":{"start":{"line":38,"column":0},"end":{"line":47,"column":2}},"11":{"start":{"line":39,"column":2},"end":{"line":46,"column":3}},"12":{"start":{"line":40,"column":4},"end":{"line":40,"column":48}},"13":{"start":{"line":42,"column":4},"end":{"line":42,"column":34}},"14":{"start":{"line":44,"column":4},"end":{"line":44,"column":69}},"15":{"start":{"line":45,"column":4},"end":{"line":45,"column":80}},"16":{"start":{"line":54,"column":0},"end":{"line":77,"column":2}},"17":{"start":{"line":55,"column":2},"end":{"line":76,"column":3}},"18":{"start":{"line":56,"column":19},"end":{"line":56,"column":29}},"19":{"start":{"line":58,"column":23},"end":{"line":62,"column":6}},"20":{"start":{"line":64,"column":4},"end":{"line":66,"column":5}},"21":{"start":{"line":65,"column":6},"end":{"line":65,"column":75}},"22":{"start":{"line":68,"column":4},"end":{"line":70,"column":7}},"23":{"start":{"line":69,"column":6},"end":{"line":69,"column":63}},"24":{"start":{"line":72,"column":4},"end":{"line":72,"column":25}},"25":{"start":{"line":74,"column":4},"end":{"line":74,"column":75}},"26":{"start":{"line":75,"column":4},"end":{"line":75,"column":66}},"27":{"start":{"line":84,"column":0},"end":{"line":99,"column":2}},"28":{"start":{"line":85,"column":2},"end":{"line":98,"column":3}},"29":{"start":{"line":86,"column":23},"end":{"line":86,"column":48}},"30":{"start":{"line":88,"column":4},"end":{"line":90,"column":7}},"31":{"start":{"line":89,"column":6},"end":{"line":89,"column":57}},"32":{"start":{"line":92,"column":4},"end":{"line":92,"column":44}},"33":{"start":{"line":94,"column":4},"end":{"line":94,"column":66}},"34":{"start":{"line":95,"column":4},"end":{"line":97,"column":62}}},"fnMap":{"0":{"name":"(anonymous_0)","decl":{"start":{"line":13,"column":23},"end":{"line":13,"column":24}},"loc":{"start":{"line":13,"column":49},"end":{"line":33,"column":1}},"line":13},"1":{"name":"(anonymous_1)","decl":{"start":{"line":38,"column":30},"end":{"line":38,"column":31}},"loc":{"start":{"line":38,"column":56},"end":{"line":47,"column":1}},"line":38},"2":{"name":"(anonymous_2)","decl":{"start":{"line":54,"column":36},"end":{"line":54,"column":37}},"loc":{"start":{"line":54,"column":62},"end":{"line":77,"column":1}},"line":54},"3":{"name":"(anonymous_3)","decl":{"start":{"line":68,"column":23},"end":{"line":68,"column":24}},"loc":{"start":{"line":68,"column":38},"end":{"line":70,"column":5}},"line":68},"4":{"name":"(anonymous_4)","decl":{"start":{"line":84,"column":27},"end":{"line":84,"column":28}},"loc":{"start":{"line":84,"column":53},"end":{"line":99,"column":1}},"line":84},"5":{"name":"(anonymous_5)","decl":{"start":{"line":88,"column":23},"end":{"line":88,"column":24}},"loc":{"start":{"line":88,"column":38},"end":{"line":90,"column":5}},"line":88}},"branchMap":{"0":{"loc":{"start":{"line":64,"column":4},"end":{"line":66,"column":5}},"type":"if","locations":[{"start":{"line":64,"column":4},"end":{"line":66,"column":5}},{"start":{},"end":{}}],"line":64}},"s":{"0":1,"1":1,"2":1,"3":1,"4":2,"5":2,"6":2,"7":0,"8":2,"9":2,"10":1,"11":2,"12":2,"13":2,"14":1,"15":1,"16":1,"17":2,"18":2,"19":2,"20":2,"21":2,"22":0,"23":0,"24":0,"25":1,"26":1,"27":1,"28":2,"29":2,"30":1,"31":2,"32":1,"33":1,"34":1},"f":{"0":2,"1":2,"2":2,"3":0,"4":2,"5":2},"b":{"0":[2,0]},"_coverageSchema":"1a1c01bbd47fc00a2c39e90264f33305004495a9","hash":"52e357636028ace2ea1f440a21ee49e5f9705b6f"}
,"/home/kumshanu/hu/project phase/hu-22-spark-product-track-hirewatch-backend/src/models/models.js": {"path":"/home/kumshanu/hu/project phase/hu-22-spark-product-track-hirewatch-backend/src/models/models.js","statementMap":{"0":{"start":{"line":1,"column":22},"end":{"line":1,"column":42}},"1":{"start":{"line":2,"column":18},"end":{"line":2,"column":38}},"2":{"start":{"line":3,"column":11},"end":{"line":3,"column":43}},"3":{"start":{"line":5,"column":13},"end":{"line":36,"column":1}},"4":{"start":{"line":38,"column":13},"end":{"line":53,"column":1}},"5":{"start":{"line":55,"column":13},"end":{"line":85,"column":1}},"6":{"start":{"line":87,"column":18},"end":{"line":102,"column":1}},"7":{"start":{"line":104,"column":17},"end":{"line":122,"column":1}},"8":{"start":{"line":124,"column":15},"end":{"line":145,"column":1}},"9":{"start":{"line":147,"column":26},"end":{"line":162,"column":1}},"10":{"start":{"line":164,"column":26},"end":{"line":179,"column":1}},"11":{"start":{"line":181,"column":20},"end":{"line":218,"column":1}},"12":{"start":{"line":220,"column":18},"end":{"line":241,"column":1}},"13":{"start":{"line":243,"column":0},"end":{"line":243,"column":48}},"14":{"start":{"line":244,"column":0},"end":{"line":244,"column":46}},"15":{"start":{"line":246,"column":0},"end":{"line":246,"column":51}},"16":{"start":{"line":247,"column":0},"end":{"line":247,"column":49}},"17":{"start":{"line":249,"column":0},"end":{"line":249,"column":59}},"18":{"start":{"line":250,"column":0},"end":{"line":250,"column":57}},"19":{"start":{"line":252,"column":0},"end":{"line":252,"column":50}},"20":{"start":{"line":253,"column":0},"end":{"line":253,"column":52}},"21":{"start":{"line":255,"column":0},"end":{"line":255,"column":56}},"22":{"start":{"line":256,"column":0},"end":{"line":256,"column":58}},"23":{"start":{"line":258,"column":0},"end":{"line":258,"column":55}},"24":{"start":{"line":259,"column":0},"end":{"line":259,"column":53}},"25":{"start":{"line":261,"column":0},"end":{"line":261,"column":55}},"26":{"start":{"line":262,"column":0},"end":{"line":262,"column":53}},"27":{"start":{"line":264,"column":0},"end":{"line":266,"column":3}},"28":{"start":{"line":267,"column":0},"end":{"line":267,"column":80}},"29":{"start":{"line":269,"column":0},"end":{"line":271,"column":3}},"30":{"start":{"line":272,"column":0},"end":{"line":272,"column":80}},"31":{"start":{"line":274,"column":0},"end":{"line":274,"column":65}},"32":{"start":{"line":275,"column":0},"end":{"line":275,"column":67}},"33":{"start":{"line":277,"column":0},"end":{"line":287,"column":2}}},"fnMap":{},"branchMap":{},"s":{"0":7,"1":7,"2":7,"3":7,"4":7,"5":7,"6":7,"7":7,"8":7,"9":7,"10":7,"11":7,"12":7,"13":7,"14":7,"15":7,"16":7,"17":7,"18":7,"19":7,"20":7,"21":7,"22":7,"23":7,"24":7,"25":7,"26":7,"27":7,"28":7,"29":7,"30":7,"31":7,"32":7,"33":7},"f":{},"b":{},"_coverageSchema":"1a1c01bbd47fc00a2c39e90264f33305004495a9","hash":"9f41a12e0ec0c4a7b0131def03dacec9630d605a"}
}
