TN:
SF:config/database.js
FNF:0
FNH:0
DA:1,9
DA:2,9
DA:3,9
DA:4,9
DA:5,9
DA:6,9
DA:7,9
DA:8,9
DA:10,9
LF:9
LH:9
BRF:0
BRH:0
end_of_record
TN:
SF:src/controllers/applicationController.js
FN:27,(anonymous_0)
FN:61,(anonymous_1)
FN:76,(anonymous_2)
FN:115,(anonymous_3)
FN:130,(anonymous_4)
FN:202,(anonymous_5)
FN:222,(anonymous_6)
FNF:7
FNH:5
FNDA:2,(anonymous_0)
FNDA:2,(anonymous_1)
FNDA:0,(anonymous_2)
FNDA:2,(anonymous_3)
FNDA:0,(anonymous_4)
FNDA:2,(anonymous_5)
FNDA:3,(anonymous_6)
DA:1,1
DA:2,1
DA:3,1
DA:4,1
DA:14,1
DA:27,1
DA:28,2
DA:38,2
DA:40,2
DA:51,1
DA:53,1
DA:54,1
DA:61,1
DA:62,2
DA:63,2
DA:64,1
DA:66,1
DA:67,1
DA:76,1
DA:77,0
DA:78,0
DA:80,0
DA:98,0
DA:105,0
DA:107,0
DA:108,0
DA:115,1
DA:116,2
DA:117,2
DA:119,2
DA:123,1
DA:125,1
DA:126,1
DA:130,1
DA:131,0
DA:132,0
DA:133,0
DA:134,0
DA:135,0
DA:136,0
DA:137,0
DA:138,0
DA:191,0
DA:192,0
DA:194,0
DA:195,0
DA:202,1
DA:203,2
DA:204,2
DA:205,1
DA:207,1
DA:208,1
DA:222,1
DA:223,3
DA:232,3
DA:239,3
DA:255,2
DA:257,2
DA:258,1
DA:261,1
DA:265,1
DA:266,1
LF:62
LH:43
BRDA:133,0,0,0
BRDA:133,0,1,0
BRDA:134,1,0,0
BRDA:134,1,1,0
BRDA:135,2,0,0
BRDA:135,2,1,0
BRDA:136,3,0,0
BRDA:136,3,1,0
BRDA:257,4,0,1
BRDA:257,4,1,1
BRF:10
BRH:2
end_of_record
TN:
SF:src/controllers/application_actionController.js
FN:5,(anonymous_0)
FN:23,(anonymous_1)
FN:45,(anonymous_2)
FNF:3
FNH:3
FNDA:2,(anonymous_0)
FNDA:2,(anonymous_1)
FNDA:2,(anonymous_2)
DA:1,1
DA:2,1
DA:3,1
DA:5,1
DA:6,2
DA:7,2
DA:11,2
DA:12,1
DA:14,1
DA:17,1
DA:23,1
DA:24,2
DA:25,2
DA:27,2
DA:33,2
DA:34,1
DA:36,1
DA:39,1
DA:45,1
DA:46,2
DA:47,2
DA:49,2
DA:54,2
DA:55,1
DA:57,1
DA:60,1
LF:26
LH:26
BRF:0
BRH:0
end_of_record
TN:
SF:src/controllers/application_statusController.js
FN:8,(anonymous_0)
FN:32,(anonymous_1)
FN:54,(anonymous_2)
FN:76,(anonymous_3)
FNF:4
FNH:4
FNDA:2,(anonymous_0)
FNDA:2,(anonymous_1)
FNDA:2,(anonymous_2)
FNDA:2,(anonymous_3)
DA:1,1
DA:2,1
DA:8,1
DA:9,2
DA:10,2
DA:12,2
DA:17,2
DA:18,1
DA:20,1
DA:23,1
DA:32,1
DA:33,2
DA:34,2
DA:39,2
DA:40,1
DA:42,1
DA:45,1
DA:54,1
DA:55,2
DA:56,2
DA:58,2
DA:63,2
DA:64,1
DA:66,1
DA:69,1
DA:76,1
DA:77,2
DA:78,2
DA:83,2
DA:84,1
DA:86,1
DA:89,1
LF:32
LH:32
BRF:0
BRH:0
end_of_record
TN:
SF:src/controllers/authController.js
FN:5,(anonymous_0)
FN:18,(anonymous_1)
FNF:2
FNH:2
FNDA:1,(anonymous_0)
FNDA:4,(anonymous_1)
DA:1,1
DA:2,1
DA:3,1
DA:5,1
DA:6,1
DA:8,1
DA:15,1
DA:18,1
DA:19,4
DA:20,4
DA:22,4
DA:23,4
DA:24,4
DA:29,3
DA:30,1
DA:33,2
DA:34,2
DA:35,1
DA:38,1
DA:39,1
DA:41,1
DA:42,1
LF:22
LH:22
BRDA:29,0,0,1
BRDA:29,0,1,2
BRDA:34,1,0,1
BRDA:34,1,1,1
BRF:4
BRH:4
end_of_record
TN:
SF:src/controllers/roleController.js
FN:5,(anonymous_0)
FN:17,(anonymous_1)
FN:28,(anonymous_2)
FN:49,(anonymous_3)
FN:77,(anonymous_4)
FNF:5
FNH:5
FNDA:2,(anonymous_0)
FNDA:2,(anonymous_1)
FNDA:3,(anonymous_2)
FNDA:3,(anonymous_3)
FNDA:3,(anonymous_4)
DA:1,1
DA:2,1
DA:5,1
DA:6,2
DA:7,2
DA:8,2
DA:9,2
DA:10,1
DA:12,1
DA:17,1
DA:18,2
DA:19,2
DA:20,1
DA:22,1
DA:23,1
DA:28,1
DA:29,3
DA:30,3
DA:31,3
DA:33,2
DA:34,1
DA:37,1
DA:39,1
DA:40,1
DA:49,1
DA:50,3
DA:51,3
DA:53,3
DA:55,2
DA:56,1
DA:59,1
DA:61,1
DA:63,1
DA:64,1
DA:77,1
DA:78,3
DA:79,3
DA:81,3
DA:83,2
DA:84,1
DA:87,1
DA:88,1
DA:90,1
DA:92,1
DA:93,1
LF:45
LH:45
BRDA:33,0,0,1
BRDA:33,0,1,1
BRDA:55,1,0,1
BRDA:55,1,1,1
BRDA:83,2,0,1
BRDA:83,2,1,1
BRF:6
BRH:6
end_of_record
TN:
SF:src/controllers/tech_stackController.js
FN:4,(anonymous_0)
FN:15,(anonymous_1)
FN:29,(anonymous_2)
FNF:3
FNH:3
FNDA:2,(anonymous_0)
FNDA:2,(anonymous_1)
FNDA:2,(anonymous_2)
DA:1,1
DA:2,1
DA:4,1
DA:5,2
DA:6,2
DA:7,2
DA:8,1
DA:10,1
DA:11,1
DA:15,1
DA:16,2
DA:17,2
DA:18,2
DA:19,2
DA:20,1
DA:22,1
DA:23,1
DA:29,1
DA:30,2
DA:31,2
DA:32,2
DA:34,1
DA:36,1
DA:37,1
LF:24
LH:24
BRF:0
BRH:0
end_of_record
TN:
SF:src/controllers/testController.js
FN:12,(anonymous_0)
FN:25,(anonymous_1)
FN:52,(anonymous_2)
FN:84,(anonymous_3)
FN:131,(anonymous_4)
FNF:5
FNH:5
FNDA:2,(anonymous_0)
FNDA:2,(anonymous_1)
FNDA:2,(anonymous_2)
FNDA:3,(anonymous_3)
FNDA:3,(anonymous_4)
DA:7,1
DA:12,1
DA:13,2
DA:14,2
DA:15,1
DA:17,1
DA:18,1
DA:25,1
DA:26,2
DA:27,2
DA:29,2
DA:34,1
DA:36,1
DA:37,1
DA:52,1
DA:53,2
DA:54,2
DA:56,2
DA:65,1
DA:67,1
DA:68,1
DA:84,1
DA:85,3
DA:86,3
DA:88,3
DA:90,3
DA:91,1
DA:94,2
DA:96,2
DA:98,2
DA:99,2
DA:100,2
DA:101,2
DA:102,2
DA:103,2
DA:105,2
DA:120,1
DA:122,1
DA:123,1
DA:131,1
DA:132,3
DA:133,3
DA:135,3
DA:137,3
DA:138,1
DA:141,2
DA:143,1
DA:145,1
DA:146,1
LF:49
LH:49
BRDA:90,0,0,1
BRDA:90,0,1,2
BRDA:98,1,0,0
BRDA:98,1,1,2
BRDA:99,2,0,0
BRDA:99,2,1,2
BRDA:100,3,0,0
BRDA:100,3,1,2
BRDA:101,4,0,0
BRDA:101,4,1,2
BRDA:102,5,0,2
BRDA:102,5,1,0
BRDA:103,6,0,2
BRDA:103,6,1,0
BRDA:137,7,0,1
BRDA:137,7,1,2
BRF:16
BRH:10
end_of_record
TN:
SF:src/controllers/userController.js
FN:7,(anonymous_0)
FN:16,(anonymous_1)
FN:41,(anonymous_2)
FN:61,(anonymous_3)
FN:82,(anonymous_4)
FN:109,(anonymous_5)
FN:126,(anonymous_6)
FN:164,(anonymous_7)
FN:214,(anonymous_8)
FNF:9
FNH:8
FNDA:4,(anonymous_0)
FNDA:4,(anonymous_1)
FNDA:2,(anonymous_2)
FNDA:3,(anonymous_3)
FNDA:2,(anonymous_4)
FNDA:0,(anonymous_5)
FNDA:2,(anonymous_6)
FNDA:3,(anonymous_7)
FNDA:3,(anonymous_8)
DA:1,1
DA:2,1
DA:3,1
DA:4,1
DA:5,1
DA:7,1
DA:8,4
DA:10,4
DA:11,4
DA:14,1
DA:16,1
DA:17,4
DA:18,4
DA:20,4
DA:21,3
DA:22,2
DA:25,1
DA:26,1
DA:27,0
DA:30,1
DA:32,1
DA:33,1
DA:41,1
DA:42,2
DA:43,2
DA:44,1
DA:46,1
DA:47,1
DA:61,1
DA:62,3
DA:63,3
DA:64,3
DA:65,3
DA:67,3
DA:68,1
DA:70,2
DA:73,0
DA:75,1
DA:76,1
DA:82,1
DA:83,2
DA:85,2
DA:86,0
DA:93,0
DA:109,0
DA:110,0
DA:111,0
DA:113,0
DA:116,0
DA:118,2
DA:126,1
DA:127,2
DA:128,2
DA:130,2
DA:134,2
DA:135,1
DA:138,1
DA:140,0
DA:141,0
DA:164,1
DA:165,3
DA:166,3
DA:168,3
DA:169,3
DA:170,1
DA:182,2
DA:184,2
DA:186,2
DA:187,2
DA:188,2
DA:189,2
DA:190,2
DA:191,2
DA:192,2
DA:193,2
DA:195,2
DA:198,1
DA:202,1
DA:204,1
DA:205,1
DA:214,1
DA:215,3
DA:216,3
DA:217,3
DA:219,3
DA:221,3
DA:222,3
LF:87
LH:76
BRDA:21,0,0,2
BRDA:21,0,1,1
BRDA:26,1,0,0
BRDA:26,1,1,1
BRDA:67,2,0,1
BRDA:67,2,1,2
BRDA:110,3,0,0
BRDA:110,3,1,0
BRDA:134,4,0,1
BRDA:134,4,1,1
BRDA:169,5,0,1
BRDA:169,5,1,2
BRDA:186,6,0,2
BRDA:186,6,1,0
BRDA:187,7,0,2
BRDA:187,7,1,0
BRDA:188,8,0,2
BRDA:188,8,1,0
BRDA:189,9,0,0
BRDA:189,9,1,2
BRDA:190,10,0,0
BRDA:190,10,1,2
BRDA:191,11,0,0
BRDA:191,11,1,2
BRDA:192,12,0,0
BRDA:192,12,1,2
BRDA:193,13,0,0
BRDA:193,13,1,2
BRF:28
BRH:17
end_of_record
TN:
SF:src/controllers/violationController.js
FN:13,(anonymous_0)
FN:38,(anonymous_1)
FN:54,(anonymous_2)
FN:68,(anonymous_3)
FN:84,(anonymous_4)
FN:88,(anonymous_5)
FNF:6
FNH:5
FNDA:2,(anonymous_0)
FNDA:2,(anonymous_1)
FNDA:2,(anonymous_2)
FNDA:0,(anonymous_3)
FNDA:2,(anonymous_4)
FNDA:2,(anonymous_5)
DA:1,1
DA:2,1
DA:3,1
DA:13,1
DA:14,2
DA:15,2
DA:20,2
DA:26,0
DA:28,2
DA:29,2
DA:38,1
DA:39,2
DA:40,2
DA:42,2
DA:44,1
DA:45,1
DA:54,1
DA:55,2
DA:56,2
DA:58,2
DA:64,2
DA:65,2
DA:68,0
DA:69,0
DA:72,0
DA:74,1
DA:75,1
DA:84,1
DA:85,2
DA:86,2
DA:88,1
DA:89,2
DA:92,1
DA:94,1
DA:95,1
LF:35
LH:31
BRDA:64,0,0,2
BRDA:64,0,1,0
BRF:2
BRH:1
end_of_record
TN:
SF:src/models/models.js
FNF:0
FNH:0
DA:1,7
DA:2,7
DA:3,7
DA:5,7
DA:38,7
DA:55,7
DA:87,7
DA:104,7
DA:124,7
DA:147,7
DA:164,7
DA:181,7
DA:220,7
DA:243,7
DA:244,7
DA:246,7
DA:247,7
DA:249,7
DA:250,7
DA:252,7
DA:253,7
DA:255,7
DA:256,7
DA:258,7
DA:259,7
DA:261,7
DA:262,7
DA:264,7
DA:267,7
DA:269,7
DA:272,7
DA:274,7
DA:275,7
DA:277,7
LF:34
LH:34
BRF:0
BRH:0
end_of_record
